12/13/2025 11:43:47 PM: INFO: ********** Test_001_Login **********
12/13/2025 11:43:47 PM: INFO: ********** Verifying Home Page Title **********
12/13/2025 11:43:55 PM: INFO: ********** Home Page Title is Passed **********
12/13/2025 11:43:59 PM: INFO: ********** Verifying Login Test **********
12/13/2025 11:46:53 PM: INFO: ********** Test_001_Login **********
12/13/2025 11:46:53 PM: INFO: ********** Verifying Home Page Title **********
12/13/2025 11:47:47 PM: INFO: ********** Home Page Title is Passed **********
12/13/2025 11:47:51 PM: INFO: ********** Verifying Login Test **********
12/13/2025 11:49:34 PM: INFO: ********** Login Test is Passed **********
12/14/2025 12:16:11 AM: INFO: ********** Test_001_Login **********
12/14/2025 12:16:11 AM: INFO: ********** Verifying Home Page Title **********
12/14/2025 12:16:24 AM: INFO: ********** Home Page Title is Passed **********
12/14/2025 12:16:33 AM: INFO: ********** Verifying Login Test **********
12/14/2025 12:16:45 AM: INFO: ********** Login Test is Passed **********
12/14/2025 12:19:00 AM: INFO: ********** Test_001_Login **********
12/14/2025 12:19:00 AM: INFO: ********** Verifying Home Page Title **********
12/14/2025 12:19:07 AM: INFO: ********** Home Page Title is Passed **********
12/14/2025 12:19:17 AM: INFO: ********** Verifying Login Test **********
12/14/2025 12:19:23 AM: ERROR: ********** Login Test is Failed **********
12/14/2025 12:22:32 AM: INFO: ********** Verifying Login Test **********
12/14/2025 12:22:41 AM: INFO: ********** Test_001_Login **********
12/14/2025 12:22:41 AM: INFO: ********** Verifying Home Page Title **********
12/14/2025 12:22:49 AM: INFO: ********** Home Page Title is Passed **********
12/14/2025 12:23:12 AM: INFO: ********** Login Test is Passed **********
12/14/2025 12:35:59 AM: INFO: ********** Test_001_Login **********
12/14/2025 12:35:59 AM: INFO: ********** Verifying Home Page Title **********
12/14/2025 12:36:00 AM: INFO: ********** Verifying Login Test **********
12/14/2025 12:36:04 AM: INFO: ********** Home Page Title is Passed **********
12/14/2025 12:36:34 AM: INFO: ********** Login Test is Passed **********
12/14/2025 12:40:37 AM: INFO: ********** Verifying Login Test **********
12/14/2025 12:40:37 AM: INFO: ********** Test_001_Login **********
12/14/2025 12:40:37 AM: INFO: ********** Verifying Home Page Title **********
12/14/2025 12:40:40 AM: INFO: ********** Home Page Title is Passed **********
12/14/2025 12:41:47 AM: INFO: ********** Login Test is Passed **********
12/29/2025 09:16:29 PM: INFO: ********** Test_002_DDT_Login **********
12/29/2025 09:16:29 PM: INFO: ********** Verifying Login DDT Test **********
12/29/2025 10:26:32 PM: INFO: ********** Test_002_DDT_Login **********
12/29/2025 10:26:32 PM: INFO: ********** Verifying Login DDT Test **********
12/29/2025 10:28:39 PM: INFO: ********** Passed Test Case for user: admin@yourstore.com **********
12/29/2025 10:28:43 PM: INFO: ********** Passed Test Case for user: admin@yourstore.com **********
12/29/2025 10:28:45 PM: INFO: ********** Passed Test Case for user: adm@yourstore.com **********
12/29/2025 10:28:46 PM: INFO: ********** Passed Test Case for user: adm@yourstore.com **********
12/29/2025 10:28:46 PM: INFO: ********** DDT Login Test Passed **********
12/29/2025 10:28:46 PM: INFO: ********** Completed TC_LoginDDt_002 **********
01/10/2026 12:49:07 PM: INFO: ********** Test_003_AddCustomer **********
01/10/2026 12:54:51 PM: INFO: ********** Test_003_AddCustomer **********
01/10/2026 12:55:11 PM: INFO: ********** Login Successful **********
01/10/2026 12:55:16 PM: INFO: ********** Starting Add Customer Test **********
01/10/2026 01:04:16 PM: INFO: ********** Test_003_AddCustomer **********
01/10/2026 01:07:06 PM: INFO: ********** Test_003_AddCustomer **********
01/10/2026 01:08:24 PM: INFO: ********** Login Successful **********
01/10/2026 01:08:29 PM: INFO: ********** Starting Add Customer Test **********
01/10/2026 01:54:29 PM: INFO: ********** Test_003_AddCustomer **********
01/10/2026 01:56:18 PM: INFO: ********** Login Successful **********
01/10/2026 01:56:23 PM: INFO: ********** Starting Add Customer Test **********
01/10/2026 01:56:37 PM: INFO: ********** Test_003_AddCustomer **********
01/10/2026 01:57:09 PM: INFO: ********** Login Successful **********
01/10/2026 01:57:14 PM: INFO: ********** Starting Add Customer Test **********
01/10/2026 02:07:33 PM: INFO: ********** Test_003_AddCustomer **********
01/10/2026 02:08:05 PM: INFO: ********** Login Successful **********
01/10/2026 02:08:10 PM: INFO: ********** Starting Add Customer Test **********
01/10/2026 02:11:41 PM: INFO: ********** Test_003_AddCustomer **********
01/10/2026 02:13:22 PM: INFO: ********** Login Successful **********
01/10/2026 02:13:27 PM: INFO: ********** Starting Add Customer Test **********
01/10/2026 02:20:42 PM: INFO: ********** Test_003_AddCustomer **********
01/10/2026 02:22:58 PM: INFO: ********** Test_003_AddCustomer **********
01/10/2026 02:25:33 PM: INFO: ********** Test_003_AddCustomer **********
01/10/2026 02:27:51 PM: INFO: ********** Login Successful **********
01/10/2026 02:28:01 PM: INFO: ********** Starting Add Customer Test **********
01/10/2026 02:28:04 PM: INFO: ********** Providing customer info **********
01/10/2026 06:42:59 PM: INFO: ********** Test_003_AddCustomer **********
01/10/2026 06:44:53 PM: INFO: ********** Login Successful **********
01/10/2026 06:44:59 PM: INFO: ********** Starting Add Customer Test **********
01/10/2026 06:47:10 PM: INFO: ********** Test_003_AddCustomer **********
01/10/2026 06:49:03 PM: INFO: ********** Login Successful **********
01/10/2026 06:49:39 PM: INFO: ********** Starting Add Customer Test **********
01/10/2026 06:54:30 PM: INFO: ********** Test_003_AddCustomer **********
01/10/2026 06:56:06 PM: INFO: ********** Login Successful **********
01/10/2026 06:56:17 PM: INFO: ********** Starting Add Customer Test **********
01/10/2026 06:57:31 PM: INFO: ********** Test_003_AddCustomer **********
01/10/2026 07:00:28 PM: INFO: ********** Test_003_AddCustomer **********
01/10/2026 07:01:18 PM: INFO: ********** Login Successful **********
01/10/2026 07:01:28 PM: INFO: ********** Starting Add Customer Test **********
01/10/2026 07:02:17 PM: INFO: ********** Test_003_AddCustomer **********
01/10/2026 07:08:04 PM: INFO: ********** Test_003_AddCustomer **********
01/10/2026 07:19:17 PM: INFO: ********** Test_003_AddCustomer **********
01/10/2026 07:21:06 PM: INFO: ********** Login Successful **********
01/10/2026 07:21:19 PM: INFO: ********** Starting Add Customer Test **********
01/10/2026 07:21:53 PM: INFO: ********** Test_003_AddCustomer **********
01/10/2026 07:30:14 PM: INFO: ********** Test_003_AddCustomer **********
01/10/2026 07:31:37 PM: INFO: ********** Login Successful **********
01/10/2026 07:31:47 PM: INFO: ********** Starting Add Customer Test **********
01/10/2026 07:34:54 PM: INFO: ********** Test_003_AddCustomer **********
01/10/2026 07:41:05 PM: INFO: ********** Test_003_AddCustomer **********
01/10/2026 07:52:03 PM: INFO: ********** Test_003_AddCustomer **********
01/10/2026 07:52:51 PM: INFO: ********** Login Successful **********
01/10/2026 07:53:01 PM: INFO: ********** Starting Add Customer Test **********
01/10/2026 07:56:02 PM: INFO: ********** Test_003_AddCustomer **********
01/10/2026 07:57:49 PM: INFO: ********** Test_003_AddCustomer **********
01/10/2026 07:59:10 PM: INFO: ********** Login Successful **********
01/10/2026 07:59:20 PM: INFO: ********** Starting Add Customer Test **********
01/10/2026 08:01:16 PM: INFO: ********** Test_003_AddCustomer **********
01/10/2026 08:03:31 PM: INFO: ********** Login Successful **********
01/10/2026 08:03:41 PM: INFO: ********** Starting Add Customer Test **********
01/10/2026 08:08:11 PM: INFO: ********** Test_003_AddCustomer **********
01/10/2026 08:08:47 PM: INFO: ********** Login Successful **********
01/10/2026 08:08:57 PM: INFO: ********** Starting Add Customer Test **********
01/11/2026 02:22:10 PM: INFO: ********** Test_003_AddCustomer **********
01/11/2026 02:22:38 PM: INFO: ********** Login Successful **********
01/11/2026 02:22:48 PM: INFO: ********** Starting Add Customer Test **********
01/11/2026 02:28:02 PM: INFO: ********** Test_003_AddCustomer **********
01/11/2026 02:28:15 PM: INFO: ********** Login Successful **********
01/11/2026 02:28:25 PM: INFO: ********** Starting Add Customer Test **********
01/11/2026 02:29:30 PM: INFO: ********** Test_003_AddCustomer **********
01/11/2026 02:29:58 PM: INFO: ********** Login Successful **********
01/11/2026 02:30:08 PM: INFO: ********** Starting Add Customer Test **********
01/11/2026 02:31:51 PM: INFO: ********** Test_003_AddCustomer **********
